<?xml version="1.0" encoding="UTF-8"?>
<!-- Generated by org.testng.reporters.JUnitReportReporter -->
<testsuite skipped="0" hostname="Santosh-PC" name="com.banking.runner.HomePageTest" tests="1" failures="0" timestamp="17 Feb 2019 20:12:24 GMT" time="11.947" errors="0">
  <testcase name="loginPageTest" time="11.947" classname="com.banking.runner.HomePageTest"/>
</testsuite> <!-- com.banking.runner.HomePageTest -->
