<?xml version="1.0" encoding="UTF-8"?>
<!-- Generated by org.testng.reporters.JUnitReportReporter -->
<testsuite skipped="0" hostname="Santosh-PC" name="com.banking.runner.HomePageTest" tests="1" failures="0" timestamp="18 Feb 2019 17:00:40 GMT" time="13.958" errors="0">
  <testcase name="loginPageTest" time="13.958" classname="com.banking.runner.HomePageTest"/>
</testsuite> <!-- com.banking.runner.HomePageTest -->
